2025-04-09 09:46:01,840 [INFO] Inicio del proceso de scraping de Promodescuentos Hot.
2025-04-09 09:46:01,840 [INFO] Revisando 'Hot' Promodescuentos...
2025-04-09 09:46:01,840 [INFO] ====== WebDriver manager ======
2025-04-09 09:46:03,078 [INFO] Servidor HTTP iniciado en 0.0.0.0:10000
2025-04-09 09:46:03,959 [INFO] Get LATEST chromedriver version for google-chrome
2025-04-09 09:46:04,217 [INFO] Get LATEST chromedriver version for google-chrome
2025-04-09 09:46:04,357 [INFO] There is no [win64] chromedriver "135.0.7049.84" for browser google-chrome "135.0.7049" in cache
2025-04-09 09:46:04,358 [INFO] Get LATEST chromedriver version for google-chrome
2025-04-09 09:46:04,701 [INFO] WebDriver version 135.0.7049.84 selected
2025-04-09 09:46:04,705 [INFO] Modern chrome version https://storage.googleapis.com/chrome-for-testing-public/135.0.7049.84/win32/chromedriver-win32.zip
2025-04-09 09:46:04,705 [INFO] About to download new driver from https://storage.googleapis.com/chrome-for-testing-public/135.0.7049.84/win32/chromedriver-win32.zip
2025-04-09 09:46:04,946 [INFO] Driver downloading response is 200
2025-04-09 09:46:05,501 [INFO] Get LATEST chromedriver version for google-chrome
2025-04-09 09:46:05,727 [INFO] Driver has been saved in cache [C:\Users\Francisco Javier\.wdm\drivers\chromedriver\win64\135.0.7049.84]
2025-04-09 09:46:06,946 [INFO] Accediendo a la URL: https://www.promodescuentos.com/nuevas
2025-04-09 09:46:13,824 [INFO] HTML guardado en /app/debug\debug_html_20250409_094613.html
2025-04-09 09:46:13,826 [INFO] Iniciando parseo de ofertas...
2025-04-09 09:46:13,826 [INFO] Se encontraron 0 artículos en total
2025-04-09 09:46:13,826 [INFO] Se procesaron 0 ofertas válidas
2025-04-09 09:46:13,827 [INFO] De 0 ofertas, 0 cumplen con los criterios de validación
2025-04-09 09:46:13,827 [INFO] No hay ofertas nuevas o mejoradas que cumplan las validaciones.
2025-04-09 09:46:15,921 [INFO] Esperando 5 min 49 seg...

2025-04-09 09:46:32,450 [INFO] Interrupción manual detectada. Saliendo...
2025-04-09 09:46:48,572 [INFO] Inicio del proceso de scraping de Promodescuentos Hot.
2025-04-09 09:46:48,572 [INFO] Revisando 'Hot' Promodescuentos...
2025-04-09 09:46:48,572 [INFO] ====== WebDriver manager ======
2025-04-09 09:46:49,794 [INFO] Servidor HTTP iniciado en 0.0.0.0:10000
2025-04-09 09:46:50,381 [INFO] Get LATEST chromedriver version for google-chrome
2025-04-09 09:46:50,532 [INFO] Get LATEST chromedriver version for google-chrome
2025-04-09 09:46:50,676 [INFO] Driver [C:\Users\Francisco Javier\.wdm\drivers\chromedriver\win64\135.0.7049.84\chromedriver-win32/chromedriver.exe] found in cache
2025-04-09 09:46:51,673 [INFO] Accediendo a la URL: https://www.promodescuentos.com/nuevas
2025-04-09 09:46:59,593 [INFO] HTML guardado en /app/debug\debug_html_20250409_094659.html
2025-04-09 09:46:59,678 [INFO] Iniciando parseo de ofertas...
2025-04-09 09:46:59,688 [INFO] Se encontraron 30 artículos en total
2025-04-09 09:46:59,731 [INFO] Se procesaron 22 ofertas válidas
2025-04-09 09:46:59,731 [INFO] De 22 ofertas, 0 cumplen con los criterios de validación
2025-04-09 09:46:59,731 [INFO] No hay ofertas nuevas o mejoradas que cumplan las validaciones.
2025-04-09 09:47:01,895 [INFO] Esperando 6 min 40 seg...

2025-04-09 09:47:11,260 [INFO] Interrupción manual detectada. Saliendo...
2025-04-09 09:50:08,295 [INFO] Inicio del proceso de scraping de Promodescuentos Hot.
2025-04-09 09:50:08,296 [INFO] Revisando 'Hot' Promodescuentos...
2025-04-09 09:50:08,296 [INFO] ====== WebDriver manager ======
2025-04-09 09:50:09,523 [INFO] Servidor HTTP iniciado en 0.0.0.0:10000
2025-04-09 09:50:10,111 [INFO] Get LATEST chromedriver version for google-chrome
2025-04-09 09:50:10,375 [INFO] Get LATEST chromedriver version for google-chrome
2025-04-09 09:50:10,517 [INFO] Driver [C:\Users\Francisco Javier\.wdm\drivers\chromedriver\win64\135.0.7049.84\chromedriver-win32/chromedriver.exe] found in cache
2025-04-09 09:50:11,587 [INFO] Accediendo a la URL: https://www.promodescuentos.com/nuevas
2025-04-09 09:50:18,268 [INFO] HTML guardado en /app/debug\debug_html_20250409_095018.html
2025-04-09 09:50:18,270 [INFO] Iniciando parseo de ofertas...
2025-04-09 09:50:18,270 [INFO] Se encontraron 0 artículos en total
2025-04-09 09:50:18,270 [INFO] Se procesaron 0 ofertas válidas
2025-04-09 09:50:18,270 [INFO] De 0 ofertas, 0 cumplen con los criterios de validación
2025-04-09 09:50:18,271 [INFO] No hay ofertas nuevas o mejoradas que cumplan las validaciones.
2025-04-09 09:50:20,353 [INFO] Esperando 7 min 56 seg...

2025-04-09 09:50:23,703 [INFO] Interrupción manual detectada. Saliendo...
2025-04-09 09:50:34,946 [INFO] Inicio del proceso de scraping de Promodescuentos Hot.
2025-04-09 09:50:34,946 [INFO] Revisando 'Hot' Promodescuentos...
2025-04-09 09:50:34,947 [INFO] ====== WebDriver manager ======
2025-04-09 09:50:36,171 [INFO] Servidor HTTP iniciado en 0.0.0.0:10000
2025-04-09 09:50:36,744 [INFO] Get LATEST chromedriver version for google-chrome
2025-04-09 09:50:36,892 [INFO] Get LATEST chromedriver version for google-chrome
2025-04-09 09:50:37,035 [INFO] Driver [C:\Users\Francisco Javier\.wdm\drivers\chromedriver\win64\135.0.7049.84\chromedriver-win32/chromedriver.exe] found in cache
2025-04-09 09:50:38,103 [INFO] Accediendo a la URL: https://www.promodescuentos.com/nuevas
2025-04-09 09:50:44,892 [INFO] HTML guardado en /app/debug\debug_html_20250409_095044.html
2025-04-09 09:50:44,894 [INFO] Iniciando parseo de ofertas...
2025-04-09 09:50:44,894 [INFO] Se encontraron 0 artículos en total
2025-04-09 09:50:44,894 [INFO] Se procesaron 0 ofertas válidas
2025-04-09 09:50:44,895 [INFO] De 0 ofertas, 0 cumplen con los criterios de validación
2025-04-09 09:50:44,895 [INFO] No hay ofertas nuevas o mejoradas que cumplan las validaciones.
2025-04-09 09:50:46,978 [INFO] Esperando 8 min 17 seg...

2025-04-09 09:50:47,523 [INFO] Interrupción manual detectada. Saliendo...
2025-04-09 09:51:00,272 [INFO] Inicio del proceso de scraping de Promodescuentos Hot.
2025-04-09 09:51:00,272 [INFO] Revisando 'Hot' Promodescuentos...
2025-04-09 09:51:00,272 [INFO] ====== WebDriver manager ======
2025-04-09 09:51:01,499 [INFO] Servidor HTTP iniciado en 0.0.0.0:10000
2025-04-09 09:51:02,144 [INFO] Get LATEST chromedriver version for google-chrome
2025-04-09 09:51:02,289 [INFO] Get LATEST chromedriver version for google-chrome
2025-04-09 09:51:02,428 [INFO] Driver [C:\Users\Francisco Javier\.wdm\drivers\chromedriver\win64\135.0.7049.84\chromedriver-win32/chromedriver.exe] found in cache
2025-04-09 09:51:03,505 [INFO] Accediendo a la URL: https://www.promodescuentos.com/nuevas
2025-04-09 09:51:10,327 [INFO] HTML guardado en /app/debug\debug_html_20250409_095110.html
2025-04-09 09:51:10,328 [INFO] Iniciando parseo de ofertas...
2025-04-09 09:51:10,328 [INFO] Se encontraron 0 artículos en total
2025-04-09 09:51:10,329 [INFO] Se procesaron 0 ofertas válidas
2025-04-09 09:51:10,329 [INFO] De 0 ofertas, 0 cumplen con los criterios de validación
2025-04-09 09:51:10,329 [INFO] No hay ofertas nuevas o mejoradas que cumplan las validaciones.
2025-04-09 09:51:12,438 [INFO] Interrupción manual detectada. Saliendo...
2025-04-09 09:51:35,324 [INFO] Inicio del proceso de scraping de Promodescuentos Hot.
2025-04-09 09:51:35,324 [INFO] Revisando 'Hot' Promodescuentos...
2025-04-09 09:51:35,324 [INFO] ====== WebDriver manager ======
2025-04-09 09:51:36,547 [INFO] Servidor HTTP iniciado en 0.0.0.0:10000
2025-04-09 09:51:37,199 [INFO] Get LATEST chromedriver version for google-chrome
2025-04-09 09:51:37,344 [INFO] Get LATEST chromedriver version for google-chrome
2025-04-09 09:51:37,485 [INFO] Driver [C:\Users\Francisco Javier\.wdm\drivers\chromedriver\win64\135.0.7049.84\chromedriver-win32/chromedriver.exe] found in cache
2025-04-09 09:51:38,349 [INFO] Accediendo a la URL: https://www.promodescuentos.com/nuevas
2025-04-09 09:51:44,643 [INFO] HTML guardado en /app/debug\debug_html_20250409_095144.html
2025-04-09 09:51:44,644 [INFO] Iniciando parseo de ofertas...
2025-04-09 09:51:44,645 [INFO] Se encontraron 0 artículos en total
2025-04-09 09:51:44,645 [INFO] Se procesaron 0 ofertas válidas
2025-04-09 09:51:44,645 [INFO] De 0 ofertas, 0 cumplen con los criterios de validación
2025-04-09 09:51:44,645 [INFO] No hay ofertas nuevas o mejoradas que cumplan las validaciones.
2025-04-09 09:51:46,771 [INFO] Esperando 7 min 52 seg...

2025-04-09 09:51:47,330 [INFO] Interrupción manual detectada. Saliendo...
2025-04-09 09:51:52,815 [INFO] Inicio del proceso de scraping de Promodescuentos Hot.
2025-04-09 09:51:52,816 [INFO] Revisando 'Hot' Promodescuentos...
2025-04-09 09:51:52,816 [INFO] ====== WebDriver manager ======
2025-04-09 09:51:54,039 [INFO] Servidor HTTP iniciado en 0.0.0.0:10000
2025-04-09 09:51:54,627 [INFO] Get LATEST chromedriver version for google-chrome
2025-04-09 09:51:54,771 [INFO] Get LATEST chromedriver version for google-chrome
2025-04-09 09:51:54,914 [INFO] Driver [C:\Users\Francisco Javier\.wdm\drivers\chromedriver\win64\135.0.7049.84\chromedriver-win32/chromedriver.exe] found in cache
2025-04-09 09:51:55,817 [INFO] Accediendo a la URL: https://www.promodescuentos.com/nuevas
2025-04-09 09:52:03,276 [INFO] HTML guardado en /app/debug\debug_html_20250409_095203.html
2025-04-09 09:52:03,348 [INFO] Iniciando parseo de ofertas...
2025-04-09 09:52:03,356 [INFO] Se encontraron 30 artículos en total
2025-04-09 09:52:03,390 [INFO] Se procesaron 22 ofertas válidas
2025-04-09 09:52:03,390 [INFO] De 22 ofertas, 0 cumplen con los criterios de validación
2025-04-09 09:52:03,390 [INFO] No hay ofertas nuevas o mejoradas que cumplan las validaciones.
2025-04-09 09:52:05,561 [INFO] Esperando 7 min 6 seg...

2025-04-09 09:52:07,786 [INFO] Interrupción manual detectada. Saliendo...
2025-04-09 09:52:32,237 [INFO] Inicio del proceso de scraping de Promodescuentos Hot.
2025-04-09 09:52:32,237 [INFO] Revisando 'Hot' Promodescuentos...
2025-04-09 09:52:32,237 [INFO] ====== WebDriver manager ======
2025-04-09 09:52:33,464 [INFO] Servidor HTTP iniciado en 0.0.0.0:10000
2025-04-09 09:52:34,071 [INFO] Get LATEST chromedriver version for google-chrome
2025-04-09 09:52:34,214 [INFO] Get LATEST chromedriver version for google-chrome
2025-04-09 09:52:34,352 [INFO] Driver [C:\Users\Francisco Javier\.wdm\drivers\chromedriver\win64\135.0.7049.84\chromedriver-win32/chromedriver.exe] found in cache
2025-04-09 09:52:35,349 [INFO] Accediendo a la URL: https://www.promodescuentos.com/nuevas
2025-04-09 09:52:43,809 [INFO] HTML guardado en /app/debug\debug_html_20250409_095243.html
2025-04-09 09:52:43,883 [INFO] Iniciando parseo de ofertas...
2025-04-09 09:52:43,890 [INFO] Se encontraron 30 artículos en total
2025-04-09 09:52:43,926 [INFO] Se procesaron 22 ofertas válidas
2025-04-09 09:52:43,926 [INFO] De 22 ofertas, 0 cumplen con los criterios de validación
2025-04-09 09:52:43,926 [INFO] No hay ofertas nuevas o mejoradas que cumplan las validaciones.
2025-04-09 09:52:46,049 [INFO] Esperando 7 min 34 seg...

2025-04-09 09:52:55,305 [INFO] Interrupción manual detectada. Saliendo...
